<?xml version="1.0" encoding="UTF-8"?>
<!-- Generated by org.testng.reporters.JUnitReportReporter -->
<testsuite hostname="SWT-LTOP-995" failures="0" tests="1" name="testCases.TC_001_AccountRegistrationtTest" time="3.732" errors="0" timestamp="2025-02-17T19:31:33 IST" skipped="0">
  <testcase classname="testCases.TC_001_AccountRegistrationtTest" name="test_account_Registration" time="3.732"/>
</testsuite> <!-- testCases.TC_001_AccountRegistrationtTest -->
